# JRE version: OpenJDK Runtime Environment (8.0_152-b01) (build 1.8.0_152-release-915-b01)
# Java VM: OpenJDK 64-Bit Server VM (25.152-b01 mixed mode linux-amd64 compressed oops)
Heap:
 PSYoungGen      total 475136K, used 413815K [0x00000000e0000000, 0x0000000100000000, 0x0000000100000000)
  eden space 429056K, 89% used [0x00000000e0000000,0x00000000f761f5f0,0x00000000fa300000)
  from space 46080K, 66% used [0x00000000fd300000,0x00000000ff0fe888,0x0000000100000000)
  to   space 47616K, 0% used [0x00000000fa300000,0x00000000fa300000,0x00000000fd180000)
 ParOldGen       total 204288K, used 108052K [0x00000000a0000000, 0x00000000ac780000, 0x00000000e0000000)
  object space 204288K, 52% used [0x00000000a0000000,0x00000000a69851a0,0x00000000ac780000)
 Metaspace       used 106393K, capacity 116700K, committed 116756K, reserved 1150976K
  class space    used 13672K, capacity 15887K, committed 15932K, reserved 1048576K
GC Heap History (10 events):
Event: 4883.262 GC heap before
{Heap before GC invocations=35 (full 4):
 PSYoungGen      total 357888K, used 357866K [0x00000000e0000000, 0x00000000fbb00000, 0x0000000100000000)
  eden space 339456K, 100% used [0x00000000e0000000,0x00000000f4b80000,0x00000000f4b80000)
  from space 18432K, 99% used [0x00000000fa900000,0x00000000fbafaad0,0x00000000fbb00000)
  to   space 23552K, 0% used [0x00000000f8d00000,0x00000000f8d00000,0x00000000fa400000)
 ParOldGen       total 107520K, used 57134K [0x00000000a0000000, 0x00000000a6900000, 0x00000000e0000000)
  object space 107520K, 53% used [0x00000000a0000000,0x00000000a37cb8e0,0x00000000a6900000)
 Metaspace       used 95319K, capacity 104268K, committed 104468K, reserved 1138688K
  class space    used 12339K, capacity 14289K, committed 14396K, reserved 1048576K
Event: 4887.539 GC heap after
Heap after GC invocations=35 (full 4):
 PSYoungGen      total 430080K, used 23537K [0x00000000e0000000, 0x00000000fdd00000, 0x0000000100000000)
  eden space 406528K, 0% used [0x00000000e0000000,0x00000000e0000000,0x00000000f8d00000)
  from space 23552K, 99% used [0x00000000f8d00000,0x00000000fa3fc668,0x00000000fa400000)
  to   space 34304K, 0% used [0x00000000fbb80000,0x00000000fbb80000,0x00000000fdd00000)
 ParOldGen       total 107520K, used 75711K [0x00000000a0000000, 0x00000000a6900000, 0x00000000e0000000)
  object space 107520K, 70% used [0x00000000a0000000,0x00000000a49efd40,0x00000000a6900000)
 Metaspace       used 95319K, capacity 104268K, committed 104468K, reserved 1138688K
  class space    used 12339K, capacity 14289K, committed 14396K, reserved 1048576K
}
Event: 4972.642 GC heap before
{Heap before GC invocations=36 (full 4):
 PSYoungGen      total 430080K, used 430065K [0x00000000e0000000, 0x00000000fdd00000, 0x0000000100000000)
  eden space 406528K, 100% used [0x00000000e0000000,0x00000000f8d00000,0x00000000f8d00000)
  from space 23552K, 99% used [0x00000000f8d00000,0x00000000fa3fc668,0x00000000fa400000)
  to   space 34304K, 0% used [0x00000000fbb80000,0x00000000fbb80000,0x00000000fdd00000)
 ParOldGen       total 107520K, used 75711K [0x00000000a0000000, 0x00000000a6900000, 0x00000000e0000000)
  object space 107520K, 70% used [0x00000000a0000000,0x00000000a49efd40,0x00000000a6900000)
 Metaspace       used 102646K, capacity 112368K, committed 112660K, reserved 1146880K
  class space    used 13255K, capacity 15359K, committed 15420K, reserved 1048576K
Event: 4972.867 GC heap after
Heap after GC invocations=36 (full 4):
 PSYoungGen      total 441856K, used 34288K [0x00000000e0000000, 0x0000000100000000, 0x0000000100000000)
  eden space 407552K, 0% used [0x00000000e0000000,0x00000000e0000000,0x00000000f8e00000)
  from space 34304K, 99% used [0x00000000fbb80000,0x00000000fdcfc338,0x00000000fdd00000)
  to   space 46592K, 0% used [0x00000000f8e00000,0x00000000f8e00000,0x00000000fbb80000)
 ParOldGen       total 107520K, used 94484K [0x00000000a0000000, 0x00000000a6900000, 0x00000000e0000000)
  object space 107520K, 87% used [0x00000000a0000000,0x00000000a5c451e0,0x00000000a6900000)
 Metaspace       used 102646K, capacity 112368K, committed 112660K, reserved 1146880K
  class space    used 13255K, capacity 15359K, committed 15420K, reserved 1048576K
}
Event: 4972.867 GC heap before
{Heap before GC invocations=37 (full 5):
 PSYoungGen      total 441856K, used 34288K [0x00000000e0000000, 0x0000000100000000, 0x0000000100000000)
  eden space 407552K, 0% used [0x00000000e0000000,0x00000000e0000000,0x00000000f8e00000)
  from space 34304K, 99% used [0x00000000fbb80000,0x00000000fdcfc338,0x00000000fdd00000)
  to   space 46592K, 0% used [0x00000000f8e00000,0x00000000f8e00000,0x00000000fbb80000)
 ParOldGen       total 107520K, used 94484K [0x00000000a0000000, 0x00000000a6900000, 0x00000000e0000000)
  object space 107520K, 87% used [0x00000000a0000000,0x00000000a5c451e0,0x00000000a6900000)
 Metaspace       used 102646K, capacity 112368K, committed 112660K, reserved 1146880K
  class space    used 13255K, capacity 15359K, committed 15420K, reserved 1048576K
Event: 4995.680 GC heap after
Heap after GC invocations=37 (full 5):
 PSYoungGen      total 441856K, used 6416K [0x00000000e0000000, 0x0000000100000000, 0x0000000100000000)
  eden space 407552K, 0% used [0x00000000e0000000,0x00000000e0000000,0x00000000f8e00000)
  from space 34304K, 18% used [0x00000000fbb80000,0x00000000fc1c4058,0x00000000fdd00000)
  to   space 46592K, 0% used [0x00000000f8e00000,0x00000000f8e00000,0x00000000fbb80000)
 ParOldGen       total 204288K, used 107488K [0x00000000a0000000, 0x00000000ac780000, 0x00000000e0000000)
  object space 204288K, 52% used [0x00000000a0000000,0x00000000a68f8190,0x00000000ac780000)
 Metaspace       used 102553K, capacity 112200K, committed 112660K, reserved 1146880K
  class space    used 13242K, capacity 15338K, committed 15420K, reserved 1048576K
}
Event: 5169.199 GC heap before
{Heap before GC invocations=38 (full 5):
 PSYoungGen      total 441856K, used 413968K [0x00000000e0000000, 0x0000000100000000, 0x0000000100000000)
  eden space 407552K, 100% used [0x00000000e0000000,0x00000000f8e00000,0x00000000f8e00000)
  from space 34304K, 18% used [0x00000000fbb80000,0x00000000fc1c4058,0x00000000fdd00000)
  to   space 46592K, 0% used [0x00000000f8e00000,0x00000000f8e00000,0x00000000fbb80000)
 ParOldGen       total 204288K, used 107488K [0x00000000a0000000, 0x00000000ac780000, 0x00000000e0000000)
  object space 204288K, 52% used [0x00000000a0000000,0x00000000a68f8190,0x00000000ac780000)
 Metaspace       used 104775K, capacity 114542K, committed 114708K, reserved 1148928K
  class space    used 13494K, capacity 15621K, committed 15676K, reserved 1048576K
Event: 5169.293 GC heap after
Heap after GC invocations=38 (full 5):
 PSYoungGen      total 454144K, used 23686K [0x00000000e0000000, 0x0000000100000000, 0x0000000100000000)
  eden space 407552K, 0% used [0x00000000e0000000,0x00000000e0000000,0x00000000f8e00000)
  from space 46592K, 50% used [0x00000000f8e00000,0x00000000fa521be0,0x00000000fbb80000)
  to   space 46080K, 0% used [0x00000000fd300000,0x00000000fd300000,0x0000000100000000)
 ParOldGen       total 204288K, used 107812K [0x00000000a0000000, 0x00000000ac780000, 0x00000000e0000000)
  object space 204288K, 52% used [0x00000000a0000000,0x00000000a69491a0,0x00000000ac780000)
 Metaspace       used 104775K, capacity 114542K, committed 114708K, reserved 1148928K
  class space    used 13494K, capacity 15621K, committed 15676K, reserved 1048576K
}
Event: 6026.369 GC heap before
{Heap before GC invocations=39 (full 5):
 PSYoungGen      total 454144K, used 431238K [0x00000000e0000000, 0x0000000100000000, 0x0000000100000000)
  eden space 407552K, 100% used [0x00000000e0000000,0x00000000f8e00000,0x00000000f8e00000)
  from space 46592K, 50% used [0x00000000f8e00000,0x00000000fa521be0,0x00000000fbb80000)
  to   space 46080K, 0% used [0x00000000fd300000,0x00000000fd300000,0x0000000100000000)
 ParOldGen       total 204288K, used 107812K [0x00000000a0000000, 0x00000000ac780000, 0x00000000e0000000)
  object space 204288K, 52% used [0x00000000a0000000,0x00000000a69491a0,0x00000000ac780000)
 Metaspace       used 105138K, capacity 115130K, committed 115348K, reserved 1148928K
  class space    used 13526K, capacity 15684K, committed 15804K, reserved 1048576K
Event: 6027.045 GC heap after
Heap after GC invocations=39 (full 5):
 PSYoungGen      total 475136K, used 30714K [0x00000000e0000000, 0x0000000100000000, 0x0000000100000000)
  eden space 429056K, 0% used [0x00000000e0000000,0x00000000e0000000,0x00000000fa300000)
  from space 46080K, 66% used [0x00000000fd300000,0x00000000ff0fe888,0x0000000100000000)
  to   space 47616K, 0% used [0x00000000fa300000,0x00000000fa300000,0x00000000fd180000)
 ParOldGen       total 204288K, used 108052K [0x00000000a0000000, 0x00000000ac780000, 0x00000000e0000000)
  object space 204288K, 52% used [0x00000000a0000000,0x00000000a69851a0,0x00000000ac780000)
 Metaspace       used 105138K, capacity 115130K, committed 115348K, reserved 1148928K
  class space    used 13526K, capacity 15684K, committed 15804K, reserved 1048576K
}

